[debug] [2020-03-24T19:31:32.588Z] ----------------------------------------------------------------------
[debug] [2020-03-24T19:31:32.590Z] Command:       /usr/local/bin/node /usr/local/bin/firebase deploy --only functions
[debug] [2020-03-24T19:31:32.590Z] CLI Version:   7.15.1
[debug] [2020-03-24T19:31:32.590Z] Platform:      darwin
[debug] [2020-03-24T19:31:32.590Z] Node Version:  v10.16.0
[debug] [2020-03-24T19:31:32.591Z] Time:          Tue Mar 24 2020 15:31:32 GMT-0400 (Eastern Daylight Time)
[debug] [2020-03-24T19:31:32.591Z] ----------------------------------------------------------------------
[debug] [2020-03-24T19:31:32.591Z] 
[debug] [2020-03-24T19:31:32.602Z] > command requires scopes: ["email","openid","https://www.googleapis.com/auth/cloudplatformprojects.readonly","https://www.googleapis.com/auth/firebase","https://www.googleapis.com/auth/cloud-platform"]
[debug] [2020-03-24T19:31:32.602Z] > authorizing via signed-in user
[debug] [2020-03-24T19:31:32.603Z] [iam] checking project tafelreunion for permissions ["cloudfunctions.functions.create","cloudfunctions.functions.delete","cloudfunctions.functions.get","cloudfunctions.functions.list","cloudfunctions.functions.update","cloudfunctions.operations.get","firebase.projects.get"]
[debug] [2020-03-24T19:31:32.604Z] >>> HTTP REQUEST POST https://cloudresourcemanager.googleapis.com/v1/projects/tafelreunion:testIamPermissions  

[debug] [2020-03-24T19:31:32.935Z] <<< HTTP RESPONSE 200
[info] 
[info] === Deploying to 'tafelreunion'...
[info] 
[info] i  deploying functions
[info] Running command: npm --prefix "$RESOURCE_DIR" run lint
[info] Running command: npm --prefix "$RESOURCE_DIR" run build
[info] ✔  functions: Finished running predeploy script.
[debug] [2020-03-24T19:31:40.351Z] > [functions] package.json contents: {
  "name": "functions",
  "scripts": {
    "lint": "tslint --project tsconfig.json",
    "build": "tsc",
    "serve": "npm run build && firebase emulators:start --only functions",
    "shell": "npm run build && firebase functions:shell",
    "start": "npm run shell",
    "deploy": "firebase deploy --only functions",
    "logs": "firebase functions:log"
  },
  "engines": {
    "node": "8"
  },
  "main": "lib/index.js",
  "dependencies": {
    "@google-cloud/firestore": "^3.5.1",
    "firebase-admin": "^8.9.2",
    "firebase-functions": "^3.3.0",
    "minimist": "^1.2.5"
  },
  "devDependencies": {
    "tslint": "^5.12.0",
    "typescript": "^3.2.2",
    "firebase-functions-test": "^0.1.6"
  },
  "private": true
}
[info] i  functions: ensuring necessary APIs are enabled...
[debug] [2020-03-24T19:31:40.352Z] >>> HTTP REQUEST GET https://serviceusage.googleapis.com/v1/projects/tafelreunion/services/cloudfunctions.googleapis.com  
 
[debug] [2020-03-24T19:31:40.353Z] >>> HTTP REQUEST GET https://serviceusage.googleapis.com/v1/projects/tafelreunion/services/runtimeconfig.googleapis.com  
 
[debug] [2020-03-24T19:31:40.727Z] <<< HTTP RESPONSE 200
[debug] [2020-03-24T19:31:40.812Z] <<< HTTP RESPONSE 200
[info] ✔  functions: all necessary APIs are enabled
[debug] [2020-03-24T19:31:40.813Z] >>> HTTP REQUEST GET https://firebase.googleapis.com/v1beta1/projects/tafelreunion/adminSdkConfig  
 
[debug] [2020-03-24T19:31:41.047Z] <<< HTTP RESPONSE 200
[info] i  functions: preparing functions directory for uploading...
[debug] [2020-03-24T19:31:41.050Z] >>> HTTP REQUEST GET https://runtimeconfig.googleapis.com/v1beta1/projects/tafelreunion/configs  
 
[debug] [2020-03-24T19:31:41.283Z] <<< HTTP RESPONSE 200
[info] i  functions: packaged functions (35.29 KB) for uploading
[debug] [2020-03-24T19:31:41.630Z] >>> HTTP REQUEST POST https://cloudfunctions.googleapis.com/v1/projects/tafelreunion/locations/us-central1/functions:generateUploadUrl  
 
[debug] [2020-03-24T19:31:42.448Z] <<< HTTP RESPONSE 200
[debug] [2020-03-24T19:31:42.450Z] >>> HTTP REQUEST PUT https://storage.googleapis.com/gcf-upload-us-central1-aae80be3-f5d5-49f3-ac2e-adaec7f64bf3/bb5c5a1b-d23b-4ad5-8228-96f12e041a59.zip?GoogleAccessId=service-271275798708@gcf-admin-robot.iam.gserviceaccount.com&Expires=1585080102&Signature=So30qKKf2eXtIf9L4Wdi5JFd3JsR3EXPLg4uNFg9Xvb5aDjGMRRCwRszhvEZj04wHqPGT3AVRq1EIep2ccdcMHQqsVT8w8%2BQjvqKeAEnMdnQHhpMxOxHSJAlmH8CMgRXU%2BmCQ2NFuZ089pkmxW4hob%2BVSJo%2Bk6V2ftc2hngQTSAi6Omkr51BZaw5LDDvXNOOnF%2FlS9%2FmiZg%2BnF6a5loHIhWBzkfFf%2Bfj0cCDDlUYZGz98560BatcE2eDdByGgJzYjJLAA50k1z3FkE08ECS30nez8sq%2Bk%2BWp7k4na9nnzE5F3I%2Fe7lUm6SqxcjyATGwCy%2F6UWtEGZz2Tu9t3gn5Lgw%3D%3D  
 <request body omitted>
[debug] [2020-03-24T19:31:43.798Z] <<< HTTP RESPONSE 200
[info] ✔  functions: functions folder uploaded successfully
[debug] [2020-03-24T19:31:43.801Z] >>> HTTP REQUEST GET https://cloudfunctions.googleapis.com/v1/projects/tafelreunion/locations/-/functions  
 
[debug] [2020-03-24T19:31:44.294Z] <<< HTTP RESPONSE 200
[info] i  functions: creating Node.js 8 function eventDeleted(us-central1)...
[debug] [2020-03-24T19:31:44.296Z] Trigger is:  {"eventTrigger":{"resource":"projects/tafelreunion/databases/(default)/documents/events/{eventId}","eventType":"providers/cloud.firestore/eventTypes/document.delete","service":"firestore.googleapis.com"}}
[info] i  functions: updating Node.js 8 function createRegistration(us-central1)...
[debug] [2020-03-24T19:31:44.297Z] Trigger is:  {"eventTrigger":{"resource":"projects/tafelreunion","eventType":"providers/firebase.auth/eventTypes/user.create","service":"firebaseauth.googleapis.com"}}
[info] i  functions: updating Node.js 8 function deleteRegistration(us-central1)...
[debug] [2020-03-24T19:31:44.297Z] Trigger is:  {"eventTrigger":{"resource":"projects/tafelreunion","eventType":"providers/firebase.auth/eventTypes/user.delete","service":"firebaseauth.googleapis.com"}}
[info] 
The following functions are found in your project but do not exist in your local source code:
	deleteEvent(us-central1)

If you are renaming a function or changing its region, it is recommended that you create the new function first before deleting the old one to prevent event loss. For more info, visit https://firebase.google.com/docs/functions/manage-functions#modify

[info] i  functions: deleting function deleteEvent(us-central1)...
[debug] [2020-03-24T19:31:47.223Z] >>> HTTP REQUEST GET https://serviceusage.googleapis.com/v1/projects/tafelreunion/services/cloudscheduler.googleapis.com  
 
[debug] [2020-03-24T19:31:47.542Z] <<< HTTP RESPONSE 200
[debug] [2020-03-24T19:31:47.546Z] >>> HTTP REQUEST POST https://cloudfunctions.googleapis.com/v1/projects/tafelreunion/locations/us-central1/functions  

[debug] [2020-03-24T19:31:47.547Z] >>> HTTP REQUEST PATCH https://cloudfunctions.googleapis.com/v1/projects/tafelreunion/locations/us-central1/functions/createRegistration {"updateMask":"sourceUploadUrl,name,labels,runtime,eventTrigger.resource,eventTrigger.eventType,eventTrigger.service"} 

[debug] [2020-03-24T19:31:47.549Z] >>> HTTP REQUEST PATCH https://cloudfunctions.googleapis.com/v1/projects/tafelreunion/locations/us-central1/functions/deleteRegistration {"updateMask":"sourceUploadUrl,name,labels,runtime,eventTrigger.resource,eventTrigger.eventType,eventTrigger.service"} 

[debug] [2020-03-24T19:31:47.549Z] >>> HTTP REQUEST DELETE https://cloudfunctions.googleapis.com/v1/projects/tafelreunion/locations/us-central1/functions/deleteEvent  
 
[debug] [2020-03-24T19:31:47.842Z] <<< HTTP RESPONSE 200
[debug] [2020-03-24T19:31:47.843Z] <<< HTTP RESPONSE 200
[debug] [2020-03-24T19:31:47.848Z] <<< HTTP RESPONSE 200
[debug] [2020-03-24T19:31:47.869Z] <<< HTTP RESPONSE 200
[debug] [2020-03-24T19:31:47.871Z] >>> HTTP REQUEST GET https://cloudfunctions.googleapis.com/v1/operations/dGFmZWxyZXVuaW9uL3VzLWNlbnRyYWwxL2V2ZW50RGVsZXRlZC9SQVFNalRVMXBsbw  
 
[debug] [2020-03-24T19:31:47.871Z] >>> HTTP REQUEST GET https://cloudfunctions.googleapis.com/v1/operations/dGFmZWxyZXVuaW9uL3VzLWNlbnRyYWwxL2NyZWF0ZVJlZ2lzdHJhdGlvbi9QNUZhdmlHeThVTQ  
 
[debug] [2020-03-24T19:31:47.872Z] >>> HTTP REQUEST GET https://cloudfunctions.googleapis.com/v1/operations/dGFmZWxyZXVuaW9uL3VzLWNlbnRyYWwxL2RlbGV0ZVJlZ2lzdHJhdGlvbi9DV3ZNeDEwbU94MA  
 
[debug] [2020-03-24T19:31:47.872Z] >>> HTTP REQUEST GET https://cloudfunctions.googleapis.com/v1/operations/dGFmZWxyZXVuaW9uL3VzLWNlbnRyYWwxL2RlbGV0ZUV2ZW50LzNNV2xpU1ViZ2U0  
 
[debug] [2020-03-24T19:31:48.070Z] <<< HTTP RESPONSE 200
[debug] [2020-03-24T19:31:48.074Z] <<< HTTP RESPONSE 200
[debug] [2020-03-24T19:31:48.080Z] <<< HTTP RESPONSE 200
[debug] [2020-03-24T19:31:48.205Z] <<< HTTP RESPONSE 200
[debug] [2020-03-24T19:31:50.076Z] >>> HTTP REQUEST GET https://cloudfunctions.googleapis.com/v1/operations/dGFmZWxyZXVuaW9uL3VzLWNlbnRyYWwxL2RlbGV0ZUV2ZW50LzNNV2xpU1ViZ2U0  
 
[debug] [2020-03-24T19:31:50.076Z] >>> HTTP REQUEST GET https://cloudfunctions.googleapis.com/v1/operations/dGFmZWxyZXVuaW9uL3VzLWNlbnRyYWwxL2V2ZW50RGVsZXRlZC9SQVFNalRVMXBsbw  
 
[debug] [2020-03-24T19:31:50.081Z] >>> HTTP REQUEST GET https://cloudfunctions.googleapis.com/v1/operations/dGFmZWxyZXVuaW9uL3VzLWNlbnRyYWwxL2RlbGV0ZVJlZ2lzdHJhdGlvbi9DV3ZNeDEwbU94MA  
 
[debug] [2020-03-24T19:31:50.207Z] >>> HTTP REQUEST GET https://cloudfunctions.googleapis.com/v1/operations/dGFmZWxyZXVuaW9uL3VzLWNlbnRyYWwxL2NyZWF0ZVJlZ2lzdHJhdGlvbi9QNUZhdmlHeThVTQ  
 
[debug] [2020-03-24T19:31:50.289Z] <<< HTTP RESPONSE 200
[debug] [2020-03-24T19:31:50.292Z] <<< HTTP RESPONSE 200
[debug] [2020-03-24T19:31:50.296Z] <<< HTTP RESPONSE 200
[debug] [2020-03-24T19:31:50.417Z] <<< HTTP RESPONSE 200
[debug] [2020-03-24T19:31:52.295Z] >>> HTTP REQUEST GET https://cloudfunctions.googleapis.com/v1/operations/dGFmZWxyZXVuaW9uL3VzLWNlbnRyYWwxL2RlbGV0ZVJlZ2lzdHJhdGlvbi9DV3ZNeDEwbU94MA  
 
[debug] [2020-03-24T19:31:52.296Z] >>> HTTP REQUEST GET https://cloudfunctions.googleapis.com/v1/operations/dGFmZWxyZXVuaW9uL3VzLWNlbnRyYWwxL2V2ZW50RGVsZXRlZC9SQVFNalRVMXBsbw  
 
[debug] [2020-03-24T19:31:52.300Z] >>> HTTP REQUEST GET https://cloudfunctions.googleapis.com/v1/operations/dGFmZWxyZXVuaW9uL3VzLWNlbnRyYWwxL2RlbGV0ZUV2ZW50LzNNV2xpU1ViZ2U0  
 
[debug] [2020-03-24T19:31:52.423Z] >>> HTTP REQUEST GET https://cloudfunctions.googleapis.com/v1/operations/dGFmZWxyZXVuaW9uL3VzLWNlbnRyYWwxL2NyZWF0ZVJlZ2lzdHJhdGlvbi9QNUZhdmlHeThVTQ  
 
[debug] [2020-03-24T19:31:52.514Z] <<< HTTP RESPONSE 200
[debug] [2020-03-24T19:31:52.520Z] <<< HTTP RESPONSE 200
[info] ✔  functions[deleteEvent(us-central1)]: Successful delete operation. 
[debug] [2020-03-24T19:31:52.525Z] <<< HTTP RESPONSE 200
[debug] [2020-03-24T19:31:52.617Z] <<< HTTP RESPONSE 200
[debug] [2020-03-24T19:31:54.520Z] >>> HTTP REQUEST GET https://cloudfunctions.googleapis.com/v1/operations/dGFmZWxyZXVuaW9uL3VzLWNlbnRyYWwxL2RlbGV0ZVJlZ2lzdHJhdGlvbi9DV3ZNeDEwbU94MA  
 
[debug] [2020-03-24T19:31:54.527Z] >>> HTTP REQUEST GET https://cloudfunctions.googleapis.com/v1/operations/dGFmZWxyZXVuaW9uL3VzLWNlbnRyYWwxL2V2ZW50RGVsZXRlZC9SQVFNalRVMXBsbw  
 
[debug] [2020-03-24T19:31:54.619Z] >>> HTTP REQUEST GET https://cloudfunctions.googleapis.com/v1/operations/dGFmZWxyZXVuaW9uL3VzLWNlbnRyYWwxL2NyZWF0ZVJlZ2lzdHJhdGlvbi9QNUZhdmlHeThVTQ  
 
[debug] [2020-03-24T19:31:54.726Z] <<< HTTP RESPONSE 200
[debug] [2020-03-24T19:31:54.737Z] <<< HTTP RESPONSE 200
[debug] [2020-03-24T19:31:54.833Z] <<< HTTP RESPONSE 200
[debug] [2020-03-24T19:31:56.734Z] >>> HTTP REQUEST GET https://cloudfunctions.googleapis.com/v1/operations/dGFmZWxyZXVuaW9uL3VzLWNlbnRyYWwxL2V2ZW50RGVsZXRlZC9SQVFNalRVMXBsbw  
 
[debug] [2020-03-24T19:31:56.736Z] >>> HTTP REQUEST GET https://cloudfunctions.googleapis.com/v1/operations/dGFmZWxyZXVuaW9uL3VzLWNlbnRyYWwxL2RlbGV0ZVJlZ2lzdHJhdGlvbi9DV3ZNeDEwbU94MA  
 
[debug] [2020-03-24T19:31:56.836Z] >>> HTTP REQUEST GET https://cloudfunctions.googleapis.com/v1/operations/dGFmZWxyZXVuaW9uL3VzLWNlbnRyYWwxL2NyZWF0ZVJlZ2lzdHJhdGlvbi9QNUZhdmlHeThVTQ  
 
[debug] [2020-03-24T19:31:56.931Z] <<< HTTP RESPONSE 200
[debug] [2020-03-24T19:31:56.932Z] <<< HTTP RESPONSE 200
[debug] [2020-03-24T19:31:57.039Z] <<< HTTP RESPONSE 200
[debug] [2020-03-24T19:31:58.937Z] >>> HTTP REQUEST GET https://cloudfunctions.googleapis.com/v1/operations/dGFmZWxyZXVuaW9uL3VzLWNlbnRyYWwxL2RlbGV0ZVJlZ2lzdHJhdGlvbi9DV3ZNeDEwbU94MA  
 
[debug] [2020-03-24T19:31:58.938Z] >>> HTTP REQUEST GET https://cloudfunctions.googleapis.com/v1/operations/dGFmZWxyZXVuaW9uL3VzLWNlbnRyYWwxL2V2ZW50RGVsZXRlZC9SQVFNalRVMXBsbw  
 
[debug] [2020-03-24T19:31:59.042Z] >>> HTTP REQUEST GET https://cloudfunctions.googleapis.com/v1/operations/dGFmZWxyZXVuaW9uL3VzLWNlbnRyYWwxL2NyZWF0ZVJlZ2lzdHJhdGlvbi9QNUZhdmlHeThVTQ  
 
[debug] [2020-03-24T19:31:59.129Z] <<< HTTP RESPONSE 200
[debug] [2020-03-24T19:31:59.160Z] <<< HTTP RESPONSE 200
[debug] [2020-03-24T19:31:59.240Z] <<< HTTP RESPONSE 200
[debug] [2020-03-24T19:32:01.135Z] >>> HTTP REQUEST GET https://cloudfunctions.googleapis.com/v1/operations/dGFmZWxyZXVuaW9uL3VzLWNlbnRyYWwxL2RlbGV0ZVJlZ2lzdHJhdGlvbi9DV3ZNeDEwbU94MA  
 
[debug] [2020-03-24T19:32:01.166Z] >>> HTTP REQUEST GET https://cloudfunctions.googleapis.com/v1/operations/dGFmZWxyZXVuaW9uL3VzLWNlbnRyYWwxL2V2ZW50RGVsZXRlZC9SQVFNalRVMXBsbw  
 
[debug] [2020-03-24T19:32:01.243Z] >>> HTTP REQUEST GET https://cloudfunctions.googleapis.com/v1/operations/dGFmZWxyZXVuaW9uL3VzLWNlbnRyYWwxL2NyZWF0ZVJlZ2lzdHJhdGlvbi9QNUZhdmlHeThVTQ  
 
[debug] [2020-03-24T19:32:01.342Z] <<< HTTP RESPONSE 200
[debug] [2020-03-24T19:32:01.373Z] <<< HTTP RESPONSE 200
[debug] [2020-03-24T19:32:01.434Z] <<< HTTP RESPONSE 200
[debug] [2020-03-24T19:32:03.348Z] >>> HTTP REQUEST GET https://cloudfunctions.googleapis.com/v1/operations/dGFmZWxyZXVuaW9uL3VzLWNlbnRyYWwxL2RlbGV0ZVJlZ2lzdHJhdGlvbi9DV3ZNeDEwbU94MA  
 
[debug] [2020-03-24T19:32:03.379Z] >>> HTTP REQUEST GET https://cloudfunctions.googleapis.com/v1/operations/dGFmZWxyZXVuaW9uL3VzLWNlbnRyYWwxL2V2ZW50RGVsZXRlZC9SQVFNalRVMXBsbw  
 
[debug] [2020-03-24T19:32:03.436Z] >>> HTTP REQUEST GET https://cloudfunctions.googleapis.com/v1/operations/dGFmZWxyZXVuaW9uL3VzLWNlbnRyYWwxL2NyZWF0ZVJlZ2lzdHJhdGlvbi9QNUZhdmlHeThVTQ  
 
[debug] [2020-03-24T19:32:03.551Z] <<< HTTP RESPONSE 200
[debug] [2020-03-24T19:32:03.564Z] <<< HTTP RESPONSE 200
[debug] [2020-03-24T19:32:03.643Z] <<< HTTP RESPONSE 200
[debug] [2020-03-24T19:32:05.555Z] >>> HTTP REQUEST GET https://cloudfunctions.googleapis.com/v1/operations/dGFmZWxyZXVuaW9uL3VzLWNlbnRyYWwxL2RlbGV0ZVJlZ2lzdHJhdGlvbi9DV3ZNeDEwbU94MA  
 
[debug] [2020-03-24T19:32:05.565Z] >>> HTTP REQUEST GET https://cloudfunctions.googleapis.com/v1/operations/dGFmZWxyZXVuaW9uL3VzLWNlbnRyYWwxL2V2ZW50RGVsZXRlZC9SQVFNalRVMXBsbw  
 
[debug] [2020-03-24T19:32:05.644Z] >>> HTTP REQUEST GET https://cloudfunctions.googleapis.com/v1/operations/dGFmZWxyZXVuaW9uL3VzLWNlbnRyYWwxL2NyZWF0ZVJlZ2lzdHJhdGlvbi9QNUZhdmlHeThVTQ  
 
[debug] [2020-03-24T19:32:05.757Z] <<< HTTP RESPONSE 200
[debug] [2020-03-24T19:32:05.757Z] <<< HTTP RESPONSE 200
[debug] [2020-03-24T19:32:05.842Z] <<< HTTP RESPONSE 200
[debug] [2020-03-24T19:32:07.758Z] >>> HTTP REQUEST GET https://cloudfunctions.googleapis.com/v1/operations/dGFmZWxyZXVuaW9uL3VzLWNlbnRyYWwxL2V2ZW50RGVsZXRlZC9SQVFNalRVMXBsbw  
 
[debug] [2020-03-24T19:32:07.758Z] >>> HTTP REQUEST GET https://cloudfunctions.googleapis.com/v1/operations/dGFmZWxyZXVuaW9uL3VzLWNlbnRyYWwxL2RlbGV0ZVJlZ2lzdHJhdGlvbi9DV3ZNeDEwbU94MA  
 
[debug] [2020-03-24T19:32:07.843Z] >>> HTTP REQUEST GET https://cloudfunctions.googleapis.com/v1/operations/dGFmZWxyZXVuaW9uL3VzLWNlbnRyYWwxL2NyZWF0ZVJlZ2lzdHJhdGlvbi9QNUZhdmlHeThVTQ  
 
[debug] [2020-03-24T19:32:07.957Z] <<< HTTP RESPONSE 200
[debug] [2020-03-24T19:32:07.958Z] <<< HTTP RESPONSE 200
[debug] [2020-03-24T19:32:08.058Z] <<< HTTP RESPONSE 200
[debug] [2020-03-24T19:32:09.958Z] >>> HTTP REQUEST GET https://cloudfunctions.googleapis.com/v1/operations/dGFmZWxyZXVuaW9uL3VzLWNlbnRyYWwxL2RlbGV0ZVJlZ2lzdHJhdGlvbi9DV3ZNeDEwbU94MA  
 
[debug] [2020-03-24T19:32:09.960Z] >>> HTTP REQUEST GET https://cloudfunctions.googleapis.com/v1/operations/dGFmZWxyZXVuaW9uL3VzLWNlbnRyYWwxL2V2ZW50RGVsZXRlZC9SQVFNalRVMXBsbw  
 
[debug] [2020-03-24T19:32:10.060Z] >>> HTTP REQUEST GET https://cloudfunctions.googleapis.com/v1/operations/dGFmZWxyZXVuaW9uL3VzLWNlbnRyYWwxL2NyZWF0ZVJlZ2lzdHJhdGlvbi9QNUZhdmlHeThVTQ  
 
[debug] [2020-03-24T19:32:10.180Z] <<< HTTP RESPONSE 200
[debug] [2020-03-24T19:32:10.191Z] <<< HTTP RESPONSE 200
[debug] [2020-03-24T19:32:10.265Z] <<< HTTP RESPONSE 200
[debug] [2020-03-24T19:32:12.182Z] >>> HTTP REQUEST GET https://cloudfunctions.googleapis.com/v1/operations/dGFmZWxyZXVuaW9uL3VzLWNlbnRyYWwxL2V2ZW50RGVsZXRlZC9SQVFNalRVMXBsbw  
 
[debug] [2020-03-24T19:32:12.191Z] >>> HTTP REQUEST GET https://cloudfunctions.googleapis.com/v1/operations/dGFmZWxyZXVuaW9uL3VzLWNlbnRyYWwxL2RlbGV0ZVJlZ2lzdHJhdGlvbi9DV3ZNeDEwbU94MA  
 
[debug] [2020-03-24T19:32:12.268Z] >>> HTTP REQUEST GET https://cloudfunctions.googleapis.com/v1/operations/dGFmZWxyZXVuaW9uL3VzLWNlbnRyYWwxL2NyZWF0ZVJlZ2lzdHJhdGlvbi9QNUZhdmlHeThVTQ  
 
[debug] [2020-03-24T19:32:12.370Z] <<< HTTP RESPONSE 200
[debug] [2020-03-24T19:32:12.388Z] <<< HTTP RESPONSE 200
[debug] [2020-03-24T19:32:12.468Z] <<< HTTP RESPONSE 200
[debug] [2020-03-24T19:32:14.371Z] >>> HTTP REQUEST GET https://cloudfunctions.googleapis.com/v1/operations/dGFmZWxyZXVuaW9uL3VzLWNlbnRyYWwxL2V2ZW50RGVsZXRlZC9SQVFNalRVMXBsbw  
 
[debug] [2020-03-24T19:32:14.391Z] >>> HTTP REQUEST GET https://cloudfunctions.googleapis.com/v1/operations/dGFmZWxyZXVuaW9uL3VzLWNlbnRyYWwxL2RlbGV0ZVJlZ2lzdHJhdGlvbi9DV3ZNeDEwbU94MA  
 
[debug] [2020-03-24T19:32:14.469Z] >>> HTTP REQUEST GET https://cloudfunctions.googleapis.com/v1/operations/dGFmZWxyZXVuaW9uL3VzLWNlbnRyYWwxL2NyZWF0ZVJlZ2lzdHJhdGlvbi9QNUZhdmlHeThVTQ  
 
[debug] [2020-03-24T19:32:14.577Z] <<< HTTP RESPONSE 200
[debug] [2020-03-24T19:32:14.597Z] <<< HTTP RESPONSE 200
[debug] [2020-03-24T19:32:14.685Z] <<< HTTP RESPONSE 200
[debug] [2020-03-24T19:32:16.580Z] >>> HTTP REQUEST GET https://cloudfunctions.googleapis.com/v1/operations/dGFmZWxyZXVuaW9uL3VzLWNlbnRyYWwxL2V2ZW50RGVsZXRlZC9SQVFNalRVMXBsbw  
 
[debug] [2020-03-24T19:32:16.605Z] >>> HTTP REQUEST GET https://cloudfunctions.googleapis.com/v1/operations/dGFmZWxyZXVuaW9uL3VzLWNlbnRyYWwxL2RlbGV0ZVJlZ2lzdHJhdGlvbi9DV3ZNeDEwbU94MA  
 
[debug] [2020-03-24T19:32:16.688Z] >>> HTTP REQUEST GET https://cloudfunctions.googleapis.com/v1/operations/dGFmZWxyZXVuaW9uL3VzLWNlbnRyYWwxL2NyZWF0ZVJlZ2lzdHJhdGlvbi9QNUZhdmlHeThVTQ  
 
[debug] [2020-03-24T19:32:16.787Z] <<< HTTP RESPONSE 200
[debug] [2020-03-24T19:32:16.824Z] <<< HTTP RESPONSE 200
[info] ✔  functions[deleteRegistration(us-central1)]: Successful update operation. 
[debug] [2020-03-24T19:32:16.917Z] <<< HTTP RESPONSE 200
[info] ✔  functions[createRegistration(us-central1)]: Successful update operation. 
[debug] [2020-03-24T19:32:18.792Z] >>> HTTP REQUEST GET https://cloudfunctions.googleapis.com/v1/operations/dGFmZWxyZXVuaW9uL3VzLWNlbnRyYWwxL2V2ZW50RGVsZXRlZC9SQVFNalRVMXBsbw  
 
[debug] [2020-03-24T19:32:19.018Z] <<< HTTP RESPONSE 200
[debug] [2020-03-24T19:32:21.021Z] >>> HTTP REQUEST GET https://cloudfunctions.googleapis.com/v1/operations/dGFmZWxyZXVuaW9uL3VzLWNlbnRyYWwxL2V2ZW50RGVsZXRlZC9SQVFNalRVMXBsbw  
 
[debug] [2020-03-24T19:32:21.242Z] <<< HTTP RESPONSE 200
